### CustomExplorer log file, revision F-2011.09-SP2 (build 0205) ###
### created at 16:24:34 on Mon May 16 2016 (Linux AMD64) ###
wv_start_log
# (0) running in waveview only mode
# (0) SW_SX_PERL_LIB defined
# (0) SW_SX_TCL_LIB defined
# (0) HOME defined
wv_move_window CustomWaveView 0 0
wv_resize_window CustomWaveView 800 400
wv_move_window CustomWaveView 0 23
wv_move_window CustomWaveView 42 20
wv_resize_window CustomWaveView 1153 651
wv_select_menu_item {File} {Import Waveform File ...}
wv_move_dialog FileDialog 437 64
wv_select_dialog FileDialog
wv_set_text FileDialog.FileName {}
wv_horz_scroll FileDialog.FileList 193
wv_select_list_item FileDialog.FileList stimulus.tr0
wv_press_button FileDialog.Ok
wv_expand_hierview_item {FILE0:D0:stimulus.tr0}
wv_select_hierview_item {FILE0:D0:stimulus.tr0} {toplevel}
wv_select_sigview_item i(v_supply1)
wv_dclick_sigview_item i(v_supply1)
wv_select_sigview_item i(v_supply)
wv_select_menu_item {File} {Import Waveform File ...}
wv_move_dialog FileDialog 437 86
wv_select_dialog FileDialog
wv_set_text FileDialog.FileName {stimulus.tr0}
wv_horz_scroll FileDialog.FileList 193
wv_select_list_item FileDialog.FileList stimulus.tr0
wv_press_button FileDialog.Ok
wv_expand_hierview_item {FILE1:D0:stimulus.tr0}
wv_select_hierview_item {FILE1:D0:stimulus.tr0} {toplevel}
wv_select_sigview_item i(v_supply1)
wv_dclick_sigview_item i(v_supply1)
wv_select_sigview_item i(v_supply)
wv_dclick_sigview_item i(v_supply)
wv_select_wv_item WV1.PANEL3:1.LEGEND
wv_select_panel WV1.PANEL3:1.LEGEND
wv_waveview_context_menu WV1.PANEL3:1.LINE1
wv_select_context_menu_item {Cut}
wv_select_dialog Confirmation
wv_move_dialog Confirmation 527 42
wv_press_button Confirmation.Ok
wv_select_wv_item WV1.LEGEND.WIDTH
wv_move_wv_item WV1.PANEL1:1.LEGEND.WIDTH 81
wv_release_wv_item WV1 134 348
wv_select_wv_item WV1.PANEL2:1.LEGEND
wv_select_panel WV1.PANEL2:1.LEGEND
wv_select_wv_item WV1.PANEL2:1.LEGEND
wv_select_panel WV1.PANEL2:1.LEGEND
wv_select_wv_item WV1.PANEL2:1.LEGEND
wv_select_panel WV1.PANEL2:1.LEGEND
wv_select_wv_item WV1.PANEL2:1.LEGEND
wv_select_panel WV1.PANEL2:1.LEGEND
wv_select_wv_item WV1.PANEL2:1.LEGEND
wv_select_panel WV1.PANEL2:1.LEGEND
wv_select_wv_item WV1.LEGEND.WIDTH
wv_drag_item_to WV1 81 385
wv_move_wv_item WV1.PANEL1:1.LEGEND.WIDTH 121
wv_select_wv_item WV1.PANEL1:1.LEGEND
wv_select_panel WV1.PANEL1:1.LEGEND
wv_close_window CustomWaveView
wv_select_dialog Confirmation
wv_move_dialog Confirmation 527 42
# wv_press_button Confirmation.Ok
