### CustomExplorer log file, revision F-2011.09-SP2 (build 0205) ###
### created at 22:26:01 on Tue May 17 2016 (Linux AMD64) ###
wv_start_log
# (0) running in waveview only mode
# (0) SW_SX_PERL_LIB defined
# (0) SW_SX_TCL_LIB defined
# (0) HOME defined
wv_move_window CustomWaveView 0 0
wv_resize_window CustomWaveView 800 400
wv_move_window CustomWaveView 0 23
wv_move_window CustomWaveView 96 20
wv_resize_window CustomWaveView 1153 651
wv_select_menu_item {File} {Import Waveform File ...}
wv_move_dialog FileDialog 491 64
wv_select_dialog FileDialog
wv_set_text FileDialog.FileName {}
wv_horz_scroll FileDialog.FileList 0
wv_horz_scroll FileDialog.FileList 168
wv_select_list_item FileDialog.FileList sram_full_pwr.tr0
wv_press_button FileDialog.Ok
wv_expand_hierview_item {FILE0:D0:sram_full_pwr.tr0}
wv_select_hierview_item {FILE0:D0:sram_full_pwr.tr0} {toplevel}
wv_expand_hierview_item {FILE0:D0:sram_full_pwr.tr0} {toplevel}
wv_vert_scroll hierview 3
wv_vert_scroll hierview 6
wv_vert_scroll hierview 8
wv_vert_scroll hierview 8
wv_vert_scroll hierview 8
wv_vert_scroll hierview 8
wv_vert_scroll hierview 8
wv_vert_scroll hierview 8
wv_select_hierview_item {FILE0:D0:sram_full_pwr.tr0} {toplevel/xtm}
wv_select_sigview_item i(xtm^m4)
wv_dclick_sigview_item i(xtm^m4)
wv_vert_scroll hierview 5
wv_vert_scroll hierview 2
wv_vert_scroll hierview 0
wv_horz_scroll hierview 0
wv_vert_scroll hierview 0
wv_vert_scroll hierview 0
wv_horz_scroll hierview 0
wv_vert_scroll hierview 0
wv_vert_scroll hierview 0
wv_horz_scroll hierview 0
wv_vert_scroll hierview 0
wv_vert_scroll hierview 0
wv_vert_scroll hierview 0
wv_vert_scroll hierview 0
wv_select_hierview_item {FILE0:D0:sram_full_pwr.tr0} {toplevel}
wv_select_sigview_item wl0
wv_dclick_sigview_item wl0
wv_move_dialog Confirmation 341 64
wv_select_dialog Confirmation
wv_press_button Confirmation.Ok
wv_select_hierview_item {FILE0:D0:sram_full_pwr.tr0} {toplevel}
wv_horz_scroll sigview 20
wv_select_wv_item {WV1.ICON.add cursor}
wv_release_wv_item WV1 74 9
wv_select_panel WV1.PANEL2:1 6.71946e-10 0.045464
wv_drag_item_to WV1 286 490
wv_move_wv_item WV1.PANEL2:1.CURSOR1 286 490
wv_select_wv_item WV1.PANEL2:1.CURSOR1
wv_drag_item_to WV1 288 495
wv_move_wv_item WV1.PANEL2:1.CURSOR1 296 495
wv_select_wv_item WV1.PANEL2:1.CURSOR1
wv_drag_item_to WV1 297 396
wv_move_wv_item WV1.PANEL2:1.CURSOR1 368 409
wv_select_hierview_item {FILE0:D0:sram_full_pwr.tr0} {toplevel}
wv_dclick_hierview_item {FILE0:D0:sram_full_pwr.tr0} {toplevel}
wv_select_hierview_item {FILE0:D0:sram_full_pwr.tr0} {toplevel/xbl}
wv_horz_scroll sigview 0
wv_select_sigview_item xbl^bit
wv_dclick_sigview_item xbl^bit
wv_move_dialog Confirmation 341 64
wv_select_dialog Confirmation
wv_press_button Confirmation.Ok
#some signals no longer available in
#'/afs/ir.stanford.edu/users/n/i/nipuna1/ee213/ee213_final_project/part2/sram_full/sram_full_pwr.tr0'
wv_expand_hierview_item {FILE0:D0:sram_full_pwr.tr0} {toplevel}
wv_select_hierview_item {FILE0:D0:sram_full_pwr.tr0} {toplevel/xbl}
wv_select_panel WV1.PANEL1:1 2.0362e-10 5.65517e-07
wv_move_wv_item WV1.PANEL1:1.CURSOR1 217 112
wv_vert_scroll hierview 3
wv_vert_scroll hierview 6
wv_vert_scroll hierview 8
wv_vert_scroll hierview 8
wv_vert_scroll hierview 8
wv_horz_scroll hierview 0
wv_horz_scroll hierview 0
wv_vert_scroll hierview 8
wv_select_hierview_item {FILE0:D0:sram_full_pwr.tr0} {toplevel/xtl}
wv_select_sigview_item i(xtl^m0)
wv_select_sigview_item i(xtl^m0)
wv_dclick_sigview_item i(xtl^m0)
wv_select_hierview_item {FILE0:D0:sram_full_pwr.tr0} {toplevel/xtm}
wv_select_hierview_item {FILE0:D0:sram_full_pwr.tr0} {toplevel/xtl}
wv_select_sigview_item xtl^bit
wv_dclick_sigview_item xtl^bit
wv_select_wv_item WV1.PANEL1:1.LEGEND
wv_select_panel WV1.PANEL1:1.LEGEND
wv_select_wv_item WV1.PANEL1:1.LEGEND
wv_select_panel WV1.PANEL1:1.LEGEND
wv_select_wv_item WV1.PANEL3:1.LEGEND
wv_select_panel WV1.PANEL3:1.LEGEND
wv_waveview_context_menu WV1.PANEL3:1.LINE1
wv_select_context_menu_item {Cut}
wv_select_dialog Confirmation
wv_press_button Confirmation.Ok
wv_waveview_context_menu WV1.PANEL3:1.LEGEND
wv_select_wv_item WV1.PANEL3:1.LEGEND
wv_select_panel WV1.PANEL3:1.LEGEND
wv_waveview_context_menu WV1.PANEL3:1.LEGEND
wv_select_context_menu_item {Cut}
wv_select_dialog Confirmation
wv_press_button Confirmation.Ok
wv_close_window CustomWaveView
wv_select_dialog Confirmation
# wv_press_button Confirmation.Ok
