### CustomExplorer log file, revision F-2011.09-SP2 (build 0205) ###
### created at 03:05:47 on Sun May 29 2016 (Linux AMD64) ###
wv_start_log
# (0) running in waveview only mode
# (0) SW_SX_PERL_LIB defined
# (0) SW_SX_TCL_LIB defined
# (0) HOME defined
wv_move_window CustomWaveView 0 0
wv_resize_window CustomWaveView 800 400
wv_move_window CustomWaveView 0 23
wv_move_window CustomWaveView 90 8
wv_resize_window CustomWaveView 1153 651
wv_select_menu_item {File} {Import Waveform File ...}
wv_move_dialog FileDialog 485 52
wv_select_dialog FileDialog
wv_set_text FileDialog.FileName {}
wv_horz_scroll FileDialog.FileList 383
wv_select_list_item FileDialog.FileList stimulus_cvx.tr0
wv_press_button FileDialog.Ok
wv_expand_hierview_item {FILE0:D0:stimulus_cvx.tr0}
wv_select_hierview_item {FILE0:D0:stimulus_cvx.tr0} {toplevel}
wv_select_sigview_item i(v_supply4)
wv_dclick_sigview_item i(v_supply4)
wv_select_sigview_item i(v_supply3)
wv_dclick_sigview_item i(v_supply3)
wv_close_window CustomWaveView
wv_select_dialog Confirmation
wv_move_dialog Confirmation 575 30
# wv_press_button Confirmation.Ok
